<?xml version="1.0" encoding="UTF-8"?>
<testsuite xmlns:xsi="http://www.w3.org/2001/XMLSchema-instance" xsi:noNamespaceSchemaLocation="https://maven.apache.org/surefire/maven-surefire-plugin/xsd/surefire-test-report.xsd" name="watchlist.WatchlistControllerTest" time="8.637" tests="8" errors="0" skipped="0" failures="0">
  <properties>
[...]
</properties>
  <testcase name="test1_shouldAddWatchlistForUser123" classname="watchlist.WatchlistControllerTest" time="0.337"/>
  <testcase name="test2_shouldRetrieveWatchlistForUser123" classname="watchlist.WatchlistControllerTest" time="0.126"/>
  <testcase name="test3_shouldDeleteItemsForUser123" classname="watchlist.WatchlistControllerTest" time="0.01"/>
  <testcase name="test4_shouldRetrieveUpdatedlistForUser123" classname="watchlist.WatchlistControllerTest" time="0.009"/>
  <testcase name="test5_shouldAddWatchlistForUserABC" classname="watchlist.WatchlistControllerTest" time="0.024"/>
  <testcase name="test6_shouldRetrieveWatchlistForUserABC" classname="watchlist.WatchlistControllerTest" time="0.008"/>
  <testcase name="test7_shouldAddMoreItemsForUserABC" classname="watchlist.WatchlistControllerTest" time="0.016"/>
  <testcase name="test8_shouldGetUpdatedlistForUserABC" classname="watchlist.WatchlistControllerTest" time="0.008"/>
</testsuite>